<?xml version="1.0" encoding="UTF-8"?><testsuite errors="10" failures="0" name="com.bestbuy.bestbuyinfo.ProductDataDrivenTesting" skipped="0" tests="10" time="0.29" timestamp="2023-06-06T23:36:17.867+01:00[Europe/London]"><testcase classname="com.bestbuy.bestbuyinfo.ProductDataDrivenTesting" name="Data driven test for adding multiple products to the application"><error type="java.lang.NullPointerException"/><system-err>null&#13;
com.bestbuy.bestbuyinfo.ProductDataDrivenTesting.createMutipleProducts(ProductDataDrivenTesting.java:34)&#13;
</system-err></testcase></testsuite>